<?xml version="1.0" encoding="UTF-8"?>
<!-- Generated by org.testng.reporters.JUnitReportReporter -->
<testsuite hostname="kunal" failures="0" tests="3" name="com.shaadi.test.RegisterTest" time="22.710" errors="0" timestamp="2021-02-08T15:55:51 IST" skipped="0">
  <testcase classname="com.shaadi.test.RegisterTest" name="verifyElements" time="5.412"/>
  <system-out/>
  <testcase classname="com.shaadi.test.RegisterTest" name="registerCredentials" time="7.161"/>
  <system-out/>
  <testcase classname="com.shaadi.test.RegisterTest" name="registerationPanel" time="10.137"/>
  <system-out/>
</testsuite> <!-- com.shaadi.test.RegisterTest -->
